# JRE version: OpenJDK Runtime Environment (8.0_152-b01) (build 1.8.0_152-release-915-b01)
# Java VM: OpenJDK 64-Bit Server VM (25.152-b01 mixed mode windows-amd64 compressed oops)
Heap:
 PSYoungGen      total 167424K, used 72903K [0x00000000eab00000, 0x00000000f7c00000, 0x0000000100000000)
  eden space 155136K, 46% used [0x00000000eab00000,0x00000000ef231e80,0x00000000f4280000)
  from space 12288K, 0% used [0x00000000f4f00000,0x00000000f4f00000,0x00000000f5b00000)
  to   space 12800K, 0% used [0x00000000f4280000,0x00000000f4280000,0x00000000f4f00000)
 ParOldGen       total 158208K, used 18077K [0x00000000c0000000, 0x00000000c9a80000, 0x00000000eab00000)
  object space 158208K, 11% used [0x00000000c0000000,0x00000000c11a7788,0x00000000c9a80000)
 Metaspace       used 40174K, capacity 41140K, committed 41512K, reserved 1085440K
  class space    used 5393K, capacity 5655K, committed 5680K, reserved 1048576K
GC Heap History (10 events):
Event: 2.666 GC heap before
{Heap before GC invocations=4 (full 1):
 PSYoungGen      total 76288K, used 7556K [0x00000000eab00000, 0x00000000f4000000, 0x0000000100000000)
  eden space 65536K, 0% used [0x00000000eab00000,0x00000000eab00000,0x00000000eeb00000)
  from space 10752K, 70% used [0x00000000eeb00000,0x00000000ef2612e0,0x00000000ef580000)
  to   space 10752K, 0% used [0x00000000f3580000,0x00000000f3580000,0x00000000f4000000)
 ParOldGen       total 175104K, used 1642K [0x00000000c0000000, 0x00000000cab00000, 0x00000000eab00000)
  object space 175104K, 0% used [0x00000000c0000000,0x00000000c019a8d0,0x00000000cab00000)
 Metaspace       used 20875K, capacity 21210K, committed 21296K, reserved 1067008K
  class space    used 2712K, capacity 2837K, committed 2864K, reserved 1048576K
Event: 2.709 GC heap after
Heap after GC invocations=4 (full 1):
 PSYoungGen      total 76288K, used 0K [0x00000000eab00000, 0x00000000f4000000, 0x0000000100000000)
  eden space 65536K, 0% used [0x00000000eab00000,0x00000000eab00000,0x00000000eeb00000)
  from space 10752K, 0% used [0x00000000eeb00000,0x00000000eeb00000,0x00000000ef580000)
  to   space 10752K, 0% used [0x00000000f3580000,0x00000000f3580000,0x00000000f4000000)
 ParOldGen       total 100352K, used 7407K [0x00000000c0000000, 0x00000000c6200000, 0x00000000eab00000)
  object space 100352K, 7% used [0x00000000c0000000,0x00000000c073bc60,0x00000000c6200000)
 Metaspace       used 20875K, capacity 21210K, committed 21296K, reserved 1067008K
  class space    used 2712K, capacity 2837K, committed 2864K, reserved 1048576K
}
Event: 3.688 GC heap before
{Heap before GC invocations=5 (full 1):
 PSYoungGen      total 76288K, used 65536K [0x00000000eab00000, 0x00000000f4000000, 0x0000000100000000)
  eden space 65536K, 100% used [0x00000000eab00000,0x00000000eeb00000,0x00000000eeb00000)
  from space 10752K, 0% used [0x00000000eeb00000,0x00000000eeb00000,0x00000000ef580000)
  to   space 10752K, 0% used [0x00000000f3580000,0x00000000f3580000,0x00000000f4000000)
 ParOldGen       total 100352K, used 7407K [0x00000000c0000000, 0x00000000c6200000, 0x00000000eab00000)
  object space 100352K, 7% used [0x00000000c0000000,0x00000000c073bc60,0x00000000c6200000)
 Metaspace       used 26412K, capacity 26932K, committed 27056K, reserved 1073152K
  class space    used 3526K, capacity 3712K, committed 3760K, reserved 1048576K
Event: 3.693 GC heap after
Heap after GC invocations=5 (full 1):
 PSYoungGen      total 111616K, used 8383K [0x00000000eab00000, 0x00000000f3e00000, 0x0000000100000000)
  eden space 102912K, 0% used [0x00000000eab00000,0x00000000eab00000,0x00000000f0f80000)
  from space 8704K, 96% used [0x00000000f3580000,0x00000000f3dafcb8,0x00000000f3e00000)
  to   space 10752K, 0% used [0x00000000f2900000,0x00000000f2900000,0x00000000f3380000)
 ParOldGen       total 100352K, used 7415K [0x00000000c0000000, 0x00000000c6200000, 0x00000000eab00000)
  object space 100352K, 7% used [0x00000000c0000000,0x00000000c073dc60,0x00000000c6200000)
 Metaspace       used 26412K, capacity 26932K, committed 27056K, reserved 1073152K
  class space    used 3526K, capacity 3712K, committed 3760K, reserved 1048576K
}
Event: 5.426 GC heap before
{Heap before GC invocations=6 (full 1):
 PSYoungGen      total 111616K, used 111295K [0x00000000eab00000, 0x00000000f3e00000, 0x0000000100000000)
  eden space 102912K, 100% used [0x00000000eab00000,0x00000000f0f80000,0x00000000f0f80000)
  from space 8704K, 96% used [0x00000000f3580000,0x00000000f3dafcb8,0x00000000f3e00000)
  to   space 10752K, 0% used [0x00000000f2900000,0x00000000f2900000,0x00000000f3380000)
 ParOldGen       total 100352K, used 7415K [0x00000000c0000000, 0x00000000c6200000, 0x00000000eab00000)
  object space 100352K, 7% used [0x00000000c0000000,0x00000000c073dc60,0x00000000c6200000)
 Metaspace       used 30064K, capacity 30690K, committed 30896K, reserved 1075200K
  class space    used 4012K, capacity 4216K, committed 4272K, reserved 1048576K
Event: 5.433 GC heap after
Heap after GC invocations=6 (full 1):
 PSYoungGen      total 139776K, used 8803K [0x00000000eab00000, 0x00000000f5b00000, 0x0000000100000000)
  eden space 129024K, 0% used [0x00000000eab00000,0x00000000eab00000,0x00000000f2900000)
  from space 10752K, 81% used [0x00000000f2900000,0x00000000f3198c08,0x00000000f3380000)
  to   space 12288K, 0% used [0x00000000f4f00000,0x00000000f4f00000,0x00000000f5b00000)
 ParOldGen       total 100352K, used 7423K [0x00000000c0000000, 0x00000000c6200000, 0x00000000eab00000)
  object space 100352K, 7% used [0x00000000c0000000,0x00000000c073fc60,0x00000000c6200000)
 Metaspace       used 30064K, capacity 30690K, committed 30896K, reserved 1075200K
  class space    used 4012K, capacity 4216K, committed 4272K, reserved 1048576K
}
Event: 8.167 GC heap before
{Heap before GC invocations=7 (full 1):
 PSYoungGen      total 139776K, used 80876K [0x00000000eab00000, 0x00000000f5b00000, 0x0000000100000000)
  eden space 129024K, 55% used [0x00000000eab00000,0x00000000ef162690,0x00000000f2900000)
  from space 10752K, 81% used [0x00000000f2900000,0x00000000f3198c08,0x00000000f3380000)
  to   space 12288K, 0% used [0x00000000f4f00000,0x00000000f4f00000,0x00000000f5b00000)
 ParOldGen       total 100352K, used 7423K [0x00000000c0000000, 0x00000000c6200000, 0x00000000eab00000)
  object space 100352K, 7% used [0x00000000c0000000,0x00000000c073fc60,0x00000000c6200000)
 Metaspace       used 34506K, capacity 35218K, committed 35496K, reserved 1079296K
  class space    used 4571K, capacity 4768K, committed 4784K, reserved 1048576K
Event: 8.179 GC heap after
Heap after GC invocations=7 (full 1):
 PSYoungGen      total 167424K, used 11408K [0x00000000eab00000, 0x00000000f7c00000, 0x0000000100000000)
  eden space 155136K, 0% used [0x00000000eab00000,0x00000000eab00000,0x00000000f4280000)
  from space 12288K, 92% used [0x00000000f4f00000,0x00000000f5a24330,0x00000000f5b00000)
  to   space 12800K, 0% used [0x00000000f4280000,0x00000000f4280000,0x00000000f4f00000)
 ParOldGen       total 100352K, used 7431K [0x00000000c0000000, 0x00000000c6200000, 0x00000000eab00000)
  object space 100352K, 7% used [0x00000000c0000000,0x00000000c0741c60,0x00000000c6200000)
 Metaspace       used 34506K, capacity 35218K, committed 35496K, reserved 1079296K
  class space    used 4571K, capacity 4768K, committed 4784K, reserved 1048576K
}
Event: 8.179 GC heap before
{Heap before GC invocations=8 (full 2):
 PSYoungGen      total 167424K, used 11408K [0x00000000eab00000, 0x00000000f7c00000, 0x0000000100000000)
  eden space 155136K, 0% used [0x00000000eab00000,0x00000000eab00000,0x00000000f4280000)
  from space 12288K, 92% used [0x00000000f4f00000,0x00000000f5a24330,0x00000000f5b00000)
  to   space 12800K, 0% used [0x00000000f4280000,0x00000000f4280000,0x00000000f4f00000)
 ParOldGen       total 100352K, used 7431K [0x00000000c0000000, 0x00000000c6200000, 0x00000000eab00000)
  object space 100352K, 7% used [0x00000000c0000000,0x00000000c0741c60,0x00000000c6200000)
 Metaspace       used 34506K, capacity 35218K, committed 35496K, reserved 1079296K
  class space    used 4571K, capacity 4768K, committed 4784K, reserved 1048576K
Event: 8.253 GC heap after
Heap after GC invocations=8 (full 2):
 PSYoungGen      total 167424K, used 0K [0x00000000eab00000, 0x00000000f7c00000, 0x0000000100000000)
  eden space 155136K, 0% used [0x00000000eab00000,0x00000000eab00000,0x00000000f4280000)
  from space 12288K, 0% used [0x00000000f4f00000,0x00000000f4f00000,0x00000000f5b00000)
  to   space 12800K, 0% used [0x00000000f4280000,0x00000000f4280000,0x00000000f4f00000)
 ParOldGen       total 158208K, used 18077K [0x00000000c0000000, 0x00000000c9a80000, 0x00000000eab00000)
  object space 158208K, 11% used [0x00000000c0000000,0x00000000c11a7788,0x00000000c9a80000)
 Metaspace       used 34506K, capacity 35218K, committed 35496K, reserved 1079296K
  class space    used 4571K, capacity 4768K, committed 4784K, reserved 1048576K
}

